TN:
SF:src\index.ts
FN:7,(anonymous_0)
FNF:1
FNH:0
FNDA:0,(anonymous_0)
DA:4,0
DA:5,0
DA:7,0
DA:8,0
LF:4
LH:0
BRDA:5,0,0,0
BRDA:5,0,1,0
BRF:2
BRH:0
end_of_record
TN:
SF:src\controllers\auth.controller.ts
FN:28,(anonymous_0)
FN:32,(anonymous_1)
FN:37,(anonymous_2)
FN:54,(anonymous_3)
FN:78,(anonymous_4)
FN:90,(anonymous_5)
FN:104,(anonymous_6)
FN:117,(anonymous_7)
FN:132,(anonymous_8)
FN:144,(anonymous_9)
FN:160,(anonymous_10)
FN:181,(anonymous_11)
FNF:12
FNH:12
FNDA:61,(anonymous_0)
FNDA:4,(anonymous_1)
FNDA:22,(anonymous_2)
FNDA:53,(anonymous_3)
FNDA:11,(anonymous_4)
FNDA:9,(anonymous_5)
FNDA:7,(anonymous_6)
FNDA:6,(anonymous_7)
FNDA:2,(anonymous_8)
FNDA:1,(anonymous_9)
FNDA:4,(anonymous_10)
FNDA:4,(anonymous_11)
DA:12,10
DA:20,10
DA:28,10
DA:29,61
DA:30,61
DA:32,10
DA:33,4
DA:34,4
DA:37,10
DA:38,22
DA:39,22
DA:40,22
DA:41,14
DA:42,14
DA:50,8
DA:54,10
DA:55,53
DA:56,53
DA:59,53
DA:66,46
DA:67,46
DA:75,7
DA:78,10
DA:79,11
DA:80,11
DA:81,11
DA:82,8
DA:87,3
DA:90,10
DA:91,9
DA:92,9
DA:95,9
DA:96,3
DA:101,6
DA:104,10
DA:105,7
DA:106,7
DA:107,7
DA:108,3
DA:113,4
DA:117,10
DA:118,6
DA:119,6
DA:122,6
DA:123,3
DA:128,3
DA:132,10
DA:133,2
DA:134,2
DA:135,2
DA:136,2
DA:141,0
DA:144,10
DA:145,1
DA:146,1
DA:147,1
DA:148,0
DA:149,1
DA:150,1
DA:151,1
DA:156,0
DA:160,10
DA:161,4
DA:162,4
DA:163,4
DA:164,4
DA:165,1
DA:170,2
DA:171,1
DA:172,1
DA:177,3
DA:181,10
DA:182,4
DA:183,4
DA:184,4
DA:186,4
DA:188,4
DA:189,1
DA:190,1
DA:191,1
DA:192,1
DA:197,3
LF:82
LH:79
BRDA:147,0,0,0
BRDA:147,0,1,1
BRDA:164,1,0,1
BRDA:164,1,1,3
BRDA:184,2,0,0
BRDA:184,2,1,4
BRDA:188,3,0,1
BRDA:188,3,1,3
BRF:8
BRH:6
end_of_record
TN:
SF:src\controllers\user.controller.ts
FN:9,(anonymous_0)
FN:43,(anonymous_1)
FN:65,(anonymous_2)
FN:84,(anonymous_3)
FN:99,(anonymous_4)
FN:116,(anonymous_5)
FNF:6
FNH:6
FNDA:3,(anonymous_0)
FNDA:3,(anonymous_1)
FNDA:1,(anonymous_2)
FNDA:6,(anonymous_3)
FNDA:7,(anonymous_4)
FNDA:4,(anonymous_5)
DA:9,10
DA:10,3
DA:11,3
DA:12,0
DA:16,3
DA:17,3
DA:18,1
DA:26,2
DA:27,2
DA:28,2
DA:29,2
DA:37,2
DA:39,2
DA:43,10
DA:44,3
DA:45,3
DA:46,0
DA:47,3
DA:48,3
DA:49,1
DA:50,1
DA:51,1
DA:59,0
DA:61,2
DA:65,10
DA:66,1
DA:67,1
DA:68,0
DA:69,1
DA:70,1
DA:71,1
DA:73,1
DA:78,0
DA:80,0
DA:84,10
DA:85,6
DA:86,6
DA:87,0
DA:89,6
DA:91,6
DA:98,4
DA:100,7
DA:101,7
DA:102,7
DA:105,4
DA:113,2
DA:116,10
DA:117,4
DA:118,4
DA:119,0
DA:121,4
DA:123,4
DA:124,1
DA:129,3
LF:54
LH:46
BRDA:11,0,0,0
BRDA:11,0,1,3
BRDA:17,1,0,1
BRDA:17,1,1,2
BRDA:27,2,0,2
BRDA:27,2,1,0
BRDA:45,3,0,0
BRDA:45,3,1,3
BRDA:49,4,0,1
BRDA:49,4,1,0
BRDA:67,5,0,0
BRDA:67,5,1,1
BRDA:70,6,0,1
BRDA:70,6,1,0
BRDA:86,7,0,0
BRDA:86,7,1,6
BRDA:101,8,0,4
BRDA:101,8,1,3
BRDA:118,9,0,0
BRDA:118,9,1,4
BRF:20
BRH:12
end_of_record
TN:
SF:src\errors\errors.ts
FN:1,(anonymous_0)
FN:17,(anonymous_1)
FNF:2
FNH:2
FNDA:10,(anonymous_0)
FNDA:36,(anonymous_1)
DA:1,10
DA:2,10
DA:3,10
DA:4,10
DA:5,10
DA:6,10
DA:7,10
DA:8,10
DA:9,10
DA:10,10
DA:18,36
DA:19,36
DA:20,36
LF:13
LH:13
BRF:0
BRH:0
end_of_record
TN:
SF:src\lib\prisma.ts
FNF:0
FNH:0
DA:4,10
DA:6,10
DA:7,10
DA:9,10
LF:4
LH:4
BRF:0
BRH:0
end_of_record
TN:
SF:src\lib\redis.ts
FN:46,(anonymous_0)
FN:51,(anonymous_1)
FN:55,(anonymous_2)
FNF:3
FNH:1
FNDA:0,(anonymous_0)
FNDA:10,(anonymous_1)
FNDA:0,(anonymous_2)
DA:28,10
DA:31,10
DA:42,10
DA:46,0
DA:50,10
DA:51,10
DA:52,10
DA:55,10
DA:56,0
LF:9
LH:7
BRDA:31,0,0,0
BRDA:31,0,1,10
BRDA:36,1,0,10
BRDA:36,1,1,0
BRDA:37,2,0,10
BRDA:37,2,1,0
BRDA:42,3,0,0
BRDA:42,3,1,10
BRDA:50,4,0,10
BRDA:50,4,1,0
BRF:10
BRH:5
end_of_record
TN:
SF:src\middleware\verifyUser.ts
FN:12,(anonymous_0)
FN:19,(anonymous_1)
FNF:2
FNH:2
FNDA:41,(anonymous_0)
FNDA:41,(anonymous_1)
DA:12,10
DA:13,41
DA:19,10
DA:24,41
DA:25,41
DA:27,41
DA:28,8
DA:31,33
DA:33,24
DA:34,24
DA:40,24
DA:42,17
LF:12
LH:12
BRDA:27,0,0,8
BRDA:27,0,1,33
BRDA:27,1,0,41
BRDA:27,1,1,33
BRF:4
BRH:4
end_of_record
TN:
SF:src\queues\email.queue.ts
FNF:0
FNH:0
DA:12,10
LF:1
LH:1
BRF:0
BRH:0
end_of_record
TN:
SF:src\queues\tokenCleanup.queue.ts
FNF:0
FNH:0
DA:4,10
LF:1
LH:1
BRF:0
BRH:0
end_of_record
TN:
SF:src\routes\auth.route.ts
FNF:0
FNH:0
DA:6,10
DA:8,10
DA:13,10
DA:18,10
DA:19,10
DA:20,10
DA:25,10
DA:26,10
DA:27,10
DA:32,10
DA:33,10
DA:39,10
DA:44,10
LF:13
LH:13
BRF:0
BRH:0
end_of_record
TN:
SF:src\routes\user.route.ts
FNF:0
FNH:0
DA:5,10
DA:7,10
DA:8,10
DA:9,10
DA:10,10
DA:11,10
LF:6
LH:6
BRF:0
BRH:0
end_of_record
TN:
SF:src\schemas\auth.schema.ts
FN:5,(anonymous_0)
FN:30,(anonymous_1)
FNF:2
FNH:2
FNDA:87,(anonymous_0)
FNDA:52,(anonymous_1)
DA:3,10
DA:5,87
DA:7,10
DA:16,10
DA:21,10
DA:27,10
DA:30,52
DA:36,10
DA:40,10
DA:44,10
DA:48,10
DA:51,10
DA:54,10
DA:57,10
LF:14
LH:14
BRF:0
BRH:0
end_of_record
TN:
SF:src\schemas\user.schema.ts
FNF:0
FNH:0
DA:3,10
DA:8,10
DA:12,10
DA:15,10
LF:4
LH:4
BRF:0
BRH:0
end_of_record
TN:
SF:src\services\auth.service.ts
FN:33,(anonymous_0)
FN:53,(anonymous_1)
FN:97,(anonymous_2)
FN:143,(anonymous_3)
FN:191,(anonymous_4)
FN:198,(anonymous_5)
FN:231,(anonymous_6)
FN:253,(anonymous_7)
FN:273,(anonymous_8)
FN:291,(anonymous_9)
FN:304,(anonymous_10)
FN:326,(anonymous_11)
FN:358,(anonymous_12)
FN:379,(anonymous_13)
FN:397,(anonymous_14)
FN:402,(anonymous_15)
FN:409,(anonymous_16)
FN:420,(anonymous_17)
FN:437,(anonymous_18)
FNF:19
FNH:19
FNDA:48,(anonymous_0)
FNDA:46,(anonymous_1)
FNDA:17,(anonymous_2)
FNDA:8,(anonymous_3)
FNDA:1,(anonymous_4)
FNDA:6,(anonymous_5)
FNDA:3,(anonymous_6)
FNDA:6,(anonymous_7)
FNDA:3,(anonymous_8)
FNDA:4,(anonymous_9)
FNDA:1,(anonymous_10)
FNDA:1,(anonymous_11)
FNDA:2,(anonymous_12)
FNDA:1,(anonymous_13)
FNDA:2,(anonymous_14)
FNDA:2,(anonymous_15)
FNDA:1,(anonymous_16)
FNDA:1,(anonymous_17)
FNDA:1,(anonymous_18)
DA:13,10
DA:14,10
DA:15,10
DA:16,10
DA:18,10
DA:24,0
DA:33,10
DA:43,48
DA:44,48
DA:49,48
DA:50,2
DA:51,46
DA:53,46
DA:54,46
DA:61,46
DA:62,46
DA:72,46
DA:76,46
DA:80,46
DA:81,46
DA:87,0
DA:93,46
DA:94,46
DA:97,10
DA:106,17
DA:109,17
DA:111,17
DA:115,17
DA:116,14
DA:117,14
DA:126,14
DA:127,14
DA:133,0
DA:136,14
DA:137,14
DA:143,10
DA:147,8
DA:151,8
DA:156,7
DA:163,7
DA:165,6
DA:169,6
DA:170,6
DA:176,0
DA:185,1
DA:188,1
DA:191,1
DA:195,7
DA:198,10
DA:204,6
DA:205,6
DA:207,1
DA:211,5
DA:218,5
DA:220,4
DA:224,4
DA:226,4
DA:227,1
DA:230,3
DA:231,3
DA:233,3
DA:242,3
DA:250,3
DA:253,10
DA:255,6
DA:256,6
DA:258,1
DA:260,5
DA:266,5
DA:268,4
DA:270,4
DA:271,1
DA:273,3
DA:274,3
DA:282,3
DA:288,3
DA:291,10
DA:292,4
DA:303,4
DA:304,1
DA:305,1
DA:308,3
DA:309,1
DA:312,2
DA:313,2
DA:315,2
DA:316,1
DA:317,1
DA:318,1
DA:319,1
DA:326,1
DA:327,1
DA:334,1
DA:337,1
DA:338,1
DA:344,0
DA:346,0
DA:350,0
DA:356,1
DA:358,10
DA:359,2
DA:360,2
DA:361,2
DA:362,2
DA:367,2
DA:368,2
DA:373,2
DA:375,0
DA:379,10
DA:380,1
DA:387,1
DA:396,1
DA:398,2
DA:402,10
DA:403,2
DA:407,1
DA:409,10
DA:410,1
DA:412,1
DA:420,1
DA:422,1
DA:428,1
DA:433,1
DA:435,1
DA:436,1
DA:438,1
LF:126
LH:118
BRDA:18,0,0,0
BRDA:18,0,1,10
BRDA:19,1,0,10
BRDA:19,1,1,10
BRDA:19,1,2,10
BRDA:19,1,3,10
BRDA:49,2,0,2
BRDA:49,2,1,46
BRDA:113,3,0,17
BRDA:113,3,1,1
BRDA:115,4,0,3
BRDA:115,4,1,14
BRDA:115,5,0,17
BRDA:115,5,1,16
BRDA:151,6,0,7
BRDA:151,6,1,1
BRDA:163,7,0,1
BRDA:163,7,1,6
BRDA:218,8,0,1
BRDA:218,8,1,4
BRDA:226,9,0,1
BRDA:226,9,1,3
BRDA:226,10,0,4
BRDA:226,10,1,4
BRDA:266,11,0,1
BRDA:266,11,1,4
BRDA:270,12,0,1
BRDA:270,12,1,3
BRDA:270,13,0,4
BRDA:270,13,1,4
BRDA:303,14,0,1
BRDA:303,14,1,3
BRDA:308,15,0,1
BRDA:308,15,1,2
BRDA:315,16,0,1
BRDA:315,16,1,1
BRDA:317,17,0,1
BRDA:317,17,1,0
BRDA:361,18,0,0
BRDA:361,18,1,2
BRDA:435,19,0,0
BRDA:435,19,1,1
BRF:42
BRH:38
end_of_record
TN:
SF:src\services\email.service.ts
FN:26,(anonymous_0)
FN:38,(anonymous_1)
FN:48,(anonymous_2)
FN:66,(anonymous_3)
FN:84,(anonymous_4)
FN:108,formatDuration
FNF:6
FNH:6
FNDA:67,(anonymous_0)
FNDA:69,(anonymous_1)
FNDA:47,(anonymous_2)
FNDA:14,(anonymous_3)
FNDA:6,(anonymous_4)
FNDA:6,formatDuration
DA:7,10
DA:10,10
DA:12,10
DA:13,0
DA:16,10
DA:26,10
DA:27,67
DA:38,10
DA:39,69
DA:40,69
DA:48,10
DA:53,47
DA:54,47
DA:56,47
DA:57,47
DA:58,47
DA:66,10
DA:71,14
DA:72,14
DA:74,14
DA:75,14
DA:76,14
DA:77,14
DA:78,14
DA:79,14
DA:81,14
DA:84,10
DA:89,6
DA:90,6
DA:92,6
DA:99,6
DA:101,6
DA:102,6
DA:103,6
DA:105,6
DA:109,6
DA:111,6
DA:112,6
DA:113,6
DA:114,6
DA:116,6
DA:118,6
DA:119,6
DA:120,6
DA:121,6
DA:123,6
LF:46
LH:45
BRDA:10,0,0,10
BRDA:10,0,1,0
BRDA:12,1,0,0
BRDA:12,1,1,10
BRDA:118,2,0,0
BRDA:118,2,1,6
BRDA:118,3,0,0
BRDA:118,3,1,0
BRDA:119,4,0,0
BRDA:119,4,1,6
BRDA:119,5,0,0
BRDA:119,5,1,0
BRDA:120,6,0,6
BRDA:120,6,1,0
BRDA:120,7,0,6
BRDA:120,7,1,0
BRDA:121,8,0,0
BRDA:121,8,1,6
BRDA:121,9,0,0
BRDA:121,9,1,0
BRDA:123,10,0,6
BRDA:123,10,1,0
BRF:22
BRH:8
end_of_record
TN:
SF:src\services\token.service.ts
FN:56,(anonymous_0)
FN:76,(anonymous_1)
FN:162,(anonymous_2)
FN:223,(anonymous_3)
FN:254,(anonymous_4)
FN:293,(anonymous_5)
FN:348,(anonymous_6)
FN:376,(anonymous_7)
FN:396,(anonymous_8)
FN:418,(anonymous_9)
FN:438,(anonymous_10)
FNF:11
FNH:10
FNDA:116,(anonymous_0)
FNDA:61,(anonymous_1)
FNDA:33,(anonymous_2)
FNDA:2,(anonymous_3)
FNDA:11,(anonymous_4)
FNDA:1,(anonymous_5)
FNDA:0,(anonymous_6)
FNDA:6,(anonymous_7)
FNDA:6,(anonymous_8)
FNDA:47,(anonymous_9)
FNDA:47,(anonymous_10)
DA:11,10
DA:12,10
DA:13,10
DA:14,10
DA:15,10
DA:16,10
DA:17,10
DA:18,10
DA:22,10
DA:32,0
DA:42,0
DA:56,10
DA:58,116
DA:59,0
DA:67,116
DA:68,0
DA:76,10
DA:86,61
DA:89,61
DA:91,61
DA:111,61
DA:117,61
DA:122,61
DA:129,61
DA:156,61
DA:162,10
DA:169,33
DA:171,33
DA:181,33
DA:183,31
DA:185,24
DA:190,9
DA:193,9
DA:194,0
DA:199,9
DA:203,1
DA:211,9
DA:214,0
DA:223,10
DA:225,2
DA:228,2
DA:232,1
DA:239,1
DA:244,1
DA:251,1
DA:254,10
DA:258,11
DA:260,11
DA:269,11
DA:277,10
DA:280,4
DA:283,1
DA:287,1
DA:292,1
DA:294,1
DA:298,4
DA:305,6
DA:310,4
DA:313,4
DA:323,2
DA:327,2
DA:330,2
DA:331,0
DA:338,2
DA:340,9
DA:341,1
DA:348,10
DA:349,0
DA:351,0
DA:355,0
DA:363,0
DA:365,0
DA:369,0
DA:372,0
DA:376,10
DA:384,6
DA:385,6
DA:388,6
DA:393,6
DA:396,6
DA:397,6
DA:403,6
DA:415,6
DA:418,10
DA:426,47
DA:427,47
DA:430,47
DA:435,47
DA:438,47
DA:439,47
DA:445,47
DA:457,47
LF:92
LH:78
BRDA:12,0,0,10
BRDA:12,0,1,0
BRDA:14,1,0,10
BRDA:14,1,1,0
BRDA:16,2,0,10
BRDA:16,2,1,0
BRDA:19,3,0,10
BRDA:19,3,1,0
BRDA:22,4,0,0
BRDA:22,4,1,10
BRDA:23,5,0,10
BRDA:23,5,1,10
BRDA:23,5,2,10
BRDA:23,5,3,10
BRDA:23,5,4,10
BRDA:23,5,5,10
BRDA:23,5,6,10
BRDA:23,5,7,10
BRDA:58,6,0,0
BRDA:58,6,1,116
BRDA:58,7,0,116
BRDA:58,7,1,116
BRDA:58,7,2,116
BRDA:67,8,0,0
BRDA:67,8,1,116
BRDA:79,9,0,61
BRDA:80,10,0,61
BRDA:183,11,0,7
BRDA:183,11,1,24
BRDA:193,12,0,0
BRDA:193,12,1,9
BRDA:211,13,0,9
BRDA:211,13,1,0
BRDA:256,14,0,11
BRDA:277,15,0,4
BRDA:277,15,1,6
BRDA:280,16,0,1
BRDA:280,16,1,3
BRDA:305,17,0,4
BRDA:305,17,1,2
BRDA:306,18,0,6
BRDA:306,18,1,2
BRDA:330,19,0,0
BRDA:330,19,1,2
BRDA:340,20,0,8
BRDA:340,20,1,1
BRDA:363,21,0,0
BRDA:363,21,1,0
BRDA:379,22,0,6
BRDA:421,23,0,47
BRF:50
BRH:38
end_of_record
TN:
SF:src\services\user.service.ts
FN:6,(anonymous_0)
FN:23,(anonymous_1)
FN:50,(anonymous_2)
FN:66,(anonymous_3)
FN:90,(anonymous_4)
FN:111,(anonymous_5)
FNF:6
FNH:6
FNDA:2,(anonymous_0)
FNDA:1,(anonymous_1)
FNDA:1,(anonymous_2)
FNDA:4,(anonymous_3)
FNDA:3,(anonymous_4)
FNDA:1,(anonymous_5)
DA:6,10
DA:10,2
DA:15,2
DA:16,0
DA:17,0
DA:19,2
DA:20,2
DA:23,10
DA:28,1
DA:29,1
DA:35,1
DA:36,1
DA:38,0
DA:42,0
DA:43,0
DA:44,0
DA:46,0
DA:50,10
DA:51,1
DA:52,1
DA:55,1
DA:57,0
DA:61,0
DA:63,0
DA:66,10
DA:76,4
DA:88,4
DA:90,10
DA:91,3
DA:96,3
DA:101,3
DA:102,1
DA:103,2
DA:104,2
DA:105,2
DA:111,1
DA:112,1
DA:120,1
LF:38
LH:28
BRDA:8,0,0,2
BRDA:15,1,0,0
BRDA:15,1,1,2
BRDA:16,2,0,0
BRDA:16,2,1,0
BRDA:26,3,0,1
BRDA:38,4,0,0
BRDA:38,4,1,0
BRDA:39,5,0,0
BRDA:39,5,1,0
BRDA:42,6,0,0
BRDA:42,6,1,0
BRDA:57,7,0,0
BRDA:57,7,1,0
BRDA:58,8,0,0
BRDA:58,8,1,0
BRDA:101,9,0,1
BRDA:101,9,1,2
BRDA:103,10,0,0
BRDA:103,10,1,2
BRDA:104,11,0,1
BRDA:104,11,1,1
BRF:22
BRH:8
end_of_record
TN:
SF:src\tests\globalSetup.ts
FN:6,setup
FN:34,(anonymous_1)
FNF:2
FNH:0
FNDA:0,setup
FNDA:0,(anonymous_1)
DA:7,0
DA:13,0
DA:15,0
DA:19,0
DA:20,0
DA:21,0
DA:22,0
DA:23,0
DA:24,0
DA:25,0
DA:26,0
DA:27,0
DA:29,0
DA:34,0
DA:35,0
DA:36,0
DA:37,0
LF:17
LH:0
BRF:0
BRH:0
end_of_record
TN:
SF:src\tests\helpers\factories.ts
FN:4,(anonymous_0)
FN:25,(anonymous_1)
FNF:2
FNH:2
FNDA:71,(anonymous_0)
FNDA:13,(anonymous_1)
DA:4,10
DA:12,71
DA:13,71
DA:14,71
DA:15,71
DA:16,71
DA:25,10
DA:31,13
DA:32,13
LF:9
LH:9
BRF:0
BRH:0
end_of_record
TN:
SF:src\tests\helpers\testMailpit.ts
FN:1,(anonymous_0)
FN:7,(anonymous_1)
FN:16,(anonymous_2)
FN:22,(anonymous_3)
FN:29,(anonymous_4)
FN:35,(anonymous_5)
FNF:6
FNH:6
FNDA:167,(anonymous_0)
FNDA:16,(anonymous_1)
FNDA:295,(anonymous_2)
FNDA:110,(anonymous_3)
FNDA:10,(anonymous_4)
FNDA:33,(anonymous_5)
DA:1,5
DA:2,167
DA:3,167
DA:4,167
DA:7,5
DA:12,16
DA:13,16
DA:14,124
DA:15,124
DA:16,124
DA:18,295
DA:21,124
DA:22,110
DA:24,2
DA:29,5
DA:30,10
DA:31,10
DA:32,10
DA:35,5
DA:36,33
LF:20
LH:20
BRDA:3,0,0,0
BRDA:3,0,1,167
BRDA:10,1,0,16
BRDA:18,2,0,295
BRDA:18,2,1,32
BRDA:21,3,0,14
BRDA:21,3,1,110
BRF:7
BRH:6
end_of_record
TN:
SF:src\tests\helpers\testPrisma.ts
FN:7,getPrisma
FN:17,(anonymous_1)
FNF:2
FNH:2
FNDA:163,getPrisma
FNDA:163,(anonymous_1)
DA:5,10
DA:8,163
DA:9,10
DA:10,10
DA:11,10
DA:13,163
DA:18,163
LF:7
LH:7
BRDA:8,0,0,10
BRDA:8,0,1,153
BRF:2
BRH:2
end_of_record
TN:
SF:src\utils\cacheUser.ts
FN:14,(anonymous_0)
FN:18,(anonymous_1)
FN:33,(anonymous_2)
FN:42,(anonymous_3)
FN:58,(anonymous_4)
FNF:5
FNH:4
FNDA:7,(anonymous_0)
FNDA:3,(anonymous_1)
FNDA:0,(anonymous_2)
FNDA:3,(anonymous_3)
FNDA:1,(anonymous_4)
DA:5,10
DA:14,10
DA:15,7
DA:18,10
DA:21,3
DA:22,3
DA:23,3
DA:25,3
DA:27,1
DA:28,1
DA:29,1
DA:30,1
DA:32,0
DA:33,0
DA:34,0
DA:37,0
DA:38,0
DA:42,10
DA:47,3
DA:48,3
DA:49,3
DA:50,3
DA:51,3
DA:53,0
DA:54,0
DA:58,10
DA:59,1
DA:60,1
DA:61,1
DA:62,1
DA:64,0
DA:65,0
LF:32
LH:23
BRDA:25,0,0,2
BRDA:25,0,1,1
BRF:2
BRH:2
end_of_record
TN:
SF:src\utils\createServer.ts
FN:10,(anonymous_0)
FN:28,(anonymous_1)
FN:35,(anonymous_2)
FNF:3
FNH:1
FNDA:10,(anonymous_0)
FNDA:0,(anonymous_1)
FNDA:0,(anonymous_2)
DA:10,10
DA:11,10
DA:13,10
DA:14,10
DA:15,10
DA:21,10
DA:22,10
DA:28,10
DA:29,0
DA:35,10
DA:36,0
DA:39,10
DA:40,10
DA:41,10
LF:14
LH:12
BRDA:18,0,0,10
BRDA:18,0,1,0
BRF:2
BRH:1
end_of_record
TN:
SF:src\utils\getRequestInfo.ts
FN:12,(anonymous_0)
FN:38,(anonymous_1)
FN:78,(anonymous_2)
FNF:3
FNH:2
FNDA:14,(anonymous_0)
FNDA:0,(anonymous_1)
FNDA:46,(anonymous_2)
DA:12,10
DA:14,14
DA:18,14
DA:19,14
DA:21,14
DA:22,14
DA:23,14
DA:25,14
DA:29,14
DA:33,14
DA:35,14
DA:37,14
DA:38,14
DA:40,14
DA:44,14
DA:46,14
DA:48,0
DA:49,0
DA:53,14
DA:54,0
DA:58,14
DA:62,14
DA:69,14
DA:78,10
DA:79,46
DA:80,46
DA:82,46
DA:83,46
DA:85,46
DA:89,46
LF:30
LH:27
BRDA:14,0,0,14
BRDA:14,0,1,14
BRDA:14,0,2,0
BRDA:18,1,0,14
BRDA:18,1,1,14
BRDA:25,2,0,14
BRDA:25,2,1,14
BRDA:26,3,0,14
BRDA:26,3,1,14
BRDA:29,4,0,0
BRDA:29,4,1,14
BRDA:31,5,0,14
BRDA:31,5,1,14
BRDA:31,6,0,14
BRDA:31,6,1,14
BRDA:48,7,0,0
BRDA:48,7,1,0
BRDA:48,8,0,0
BRDA:48,8,1,0
BRDA:53,9,0,0
BRDA:53,9,1,14
BRDA:79,10,0,46
BRDA:79,10,1,46
BRDA:85,11,0,0
BRDA:85,11,1,46
BRDA:87,12,0,46
BRDA:87,12,1,46
BRDA:87,13,0,46
BRDA:87,13,1,46
BRF:29
BRH:21
end_of_record
TN:
SF:src\utils\handleError.ts
FN:5,(anonymous_0)
FN:22,(anonymous_1)
FNF:2
FNH:2
FNDA:63,(anonymous_0)
FNDA:36,(anonymous_1)
DA:5,10
DA:8,63
DA:9,36
DA:17,27
DA:18,27
DA:22,36
DA:30,0
DA:31,0
LF:8
LH:6
BRDA:8,0,0,36
BRDA:8,0,1,27
BRDA:12,1,0,36
BRDA:12,1,1,12
BRDA:17,2,0,27
BRDA:17,2,1,0
BRF:6
BRH:5
end_of_record
TN:
SF:src\utils\rateLimiter.ts
FN:11,(anonymous_0)
FN:13,rateLimiter
FNF:2
FNH:2
FNDA:30,(anonymous_0)
FNDA:275,rateLimiter
DA:11,10
DA:12,30
DA:13,30
DA:18,275
DA:19,275
DA:20,0
DA:21,0
DA:22,0
DA:23,0
DA:24,0
DA:25,0
DA:26,0
DA:27,0
DA:33,0
DA:35,0
LF:15
LH:5
BRDA:19,0,0,275
BRDA:19,0,1,0
BRDA:26,1,0,0
BRDA:26,1,1,0
BRF:4
BRH:1
end_of_record
TN:
SF:src\workers\email.worker.ts
FN:9,(anonymous_0)
FN:22,(anonymous_1)
FN:26,(anonymous_2)
FNF:3
FNH:2
FNDA:69,(anonymous_0)
FNDA:44,(anonymous_1)
FNDA:0,(anonymous_2)
DA:7,10
DA:10,69
DA:12,69
DA:14,69
DA:22,10
DA:23,44
DA:26,10
DA:27,0
DA:29,0
DA:31,0
DA:32,0
DA:34,0
DA:36,0
DA:37,0
DA:45,0
LF:15
LH:7
BRDA:27,0,0,0
BRDA:27,0,1,0
BRDA:31,1,0,0
BRDA:31,1,1,0
BRDA:36,2,0,0
BRDA:36,2,1,0
BRF:6
BRH:0
end_of_record
TN:
SF:src\workers\tokenCleanup.worker.ts
FN:8,(anonymous_0)
FN:23,(anonymous_1)
FNF:2
FNH:0
FNDA:0,(anonymous_0)
FNDA:0,(anonymous_1)
DA:6,10
DA:9,0
DA:10,0
DA:23,10
DA:24,0
DA:27,10
LF:6
LH:3
BRF:0
BRH:0
end_of_record
